2023-08-02 15:11:06.8652 scene create: Process Process 0 1266435772253470721 0
2023-08-02 15:15:47.1550 scene create: Process Process 0 1266455013706956801 0
2023-08-02 15:20:31.6608 scene create: Process Process 0 1266474598757826561 0
2023-08-02 15:20:31.7068 StartProcess info: 1 1 262144
2023-08-02 15:24:05.3529 scene create: Process Process 0 1266489304725848065 0
2023-08-02 15:24:05.3988 StartProcess info: 1 1 262144
2023-08-02 15:24:38.0725 scene create: Process Process 0 1266491503749103617 0
2023-08-02 15:24:38.1145 StartProcess info: 1 1 262144
2023-08-02 15:24:38.1490 scene create: Realm Realm 1 262145 1
2023-08-02 15:24:38.1490 scene create: Gate Gate1 2 262146 1
2023-08-02 15:24:38.1490 scene create: Gate Gate2 3 262147 1
2023-08-02 15:24:38.1490 scene create: Location Location 4 262148 1
2023-08-02 15:24:38.1490 scene create: Map Map1 5 262149 1
2023-08-02 15:24:38.1490 scene create: Map Map2 6 262150 1
2023-08-02 15:24:38.1490 scene create: Robot Robot01 200 262344 2
2023-08-02 15:24:38.1490 scene create: RouterManager RouterManager 300 262444 3
2023-08-02 15:24:38.1708 scene create: Router Router01 301 262445 3
2023-08-02 15:24:38.1708 scene create: Router Router02 302 262446 3
2023-08-02 15:24:38.1708 scene create: Router Router03 303 262447 3
2023-08-02 15:24:38.1708 scene create: Router Router04 304 262448 3
2023-08-02 15:26:22.9553 scene create: Process Process 0 1266498719294160897 0
2023-08-02 15:26:22.9963 StartProcess info: 1 1 262144
2023-08-02 15:26:23.0303 scene create: Realm Realm 1 262145 1
2023-08-02 15:26:23.0303 scene create: Gate Gate1 2 262146 1
2023-08-02 15:26:23.0303 scene create: Gate Gate2 3 262147 1
2023-08-02 15:26:23.0303 scene create: Location Location 4 262148 1
2023-08-02 15:26:23.0390 scene create: Map Map1 5 262149 1
2023-08-02 15:26:23.0390 scene create: Map Map2 6 262150 1
2023-08-02 15:26:23.0390 scene create: Robot Robot01 200 262344 2
2023-08-02 15:26:23.0390 scene create: RouterManager RouterManager 300 262444 3
2023-08-02 15:26:23.0390 scene create: Router Router01 301 262445 3
2023-08-02 15:26:23.0390 scene create: Router Router02 302 262446 3
2023-08-02 15:26:23.0390 scene create: Router Router03 303 262447 3
2023-08-02 15:26:23.0390 scene create: Router Router04 304 262448 3
2023-08-02 15:33:32.4594 scene create: Process Process 0 1266528268669157377 0
2023-08-02 15:33:32.5099 StartProcess info: 1 1 262144
2023-08-02 15:33:32.5667 scene create: Realm Realm 1 262145 1
2023-08-02 15:33:32.5740 scene create: Gate Gate1 2 262146 1
2023-08-02 15:33:32.5740 scene create: Gate Gate2 3 262147 1
2023-08-02 15:33:32.5740 scene create: Location Location 4 262148 1
2023-08-02 15:33:32.5740 scene create: Map Map1 5 262149 1
2023-08-02 15:33:32.5740 scene create: Map Map2 6 262150 1
2023-08-02 15:33:32.5740 scene create: Robot Robot01 200 262344 2
2023-08-02 15:33:32.5740 scene create: RouterManager RouterManager 300 262444 3
2023-08-02 15:33:32.5866 scene create: Router Router01 301 262445 3
2023-08-02 15:33:32.5866 scene create: Router Router02 302 262446 3
2023-08-02 15:33:32.5866 scene create: Router Router03 303 262447 3
2023-08-02 15:33:32.5866 scene create: Router Router04 304 262448 3
